[INFO] JOBID=3145108

job_name_ptrn='/gpfs/scratch/bsc32/bsc032533/a8hn/LOG_a8hn/a8hn_TRANSFER_RECIPES'
+ job_name_ptrn=/gpfs/scratch/bsc32/bsc032533/a8hn/LOG_a8hn/a8hn_TRANSFER_RECIPES
echo $(date +%s) > ${job_name_ptrn}_STAT
++ date +%s
+ echo 1739270211

################### 
# AS CHECKPOINT FUNCTION
###################
# Creates a new checkpoint file upon call based on the current numbers of calls to the function

AS_CHECKPOINT_CALLS=0
+ AS_CHECKPOINT_CALLS=0
function as_checkpoint {
    AS_CHECKPOINT_CALLS=$((AS_CHECKPOINT_CALLS+1))
    touch ${job_name_ptrn}_CHECKPOINT_${AS_CHECKPOINT_CALLS}
}

###################
# Autosubmit job
###################

#!/bin/bash

############ AUTOSUBMIT INPUTS ############
proj_dir=/esarchive/autosubmit/a8hn/proj/auto-s2s
+ proj_dir=/esarchive/autosubmit/a8hn/proj/auto-s2s
outdir=/esarchive/scratch/apuiggro/sunset_MR/sunset/outputs/ex1_4-recipe_20250211112138
+ outdir=/esarchive/scratch/apuiggro/sunset_MR/sunset/outputs/ex1_4-recipe_20250211112138
tmpdir=/gpfs/scratch/bsc32/bsc032533/tmp/
+ tmpdir=/gpfs/scratch/bsc32/bsc032533/tmp/
###############################

# cd $proj_dir

# username=$(whoami)

destdir=${tmpdir}/$(basename ${outdir})
++ basename /esarchive/scratch/apuiggro/sunset_MR/sunset/outputs/ex1_4-recipe_20250211112138
+ destdir=/gpfs/scratch/bsc32/bsc032533/tmp//ex1_4-recipe_20250211112138

# Copy recipes
mkdir -p $destdir
+ mkdir -p /gpfs/scratch/bsc32/bsc032533/tmp//ex1_4-recipe_20250211112138
cp -r /gpfs/archive/bsc32/${outdir}/* ${destdir}
+ cp -r /gpfs/archive/bsc32//esarchive/scratch/apuiggro/sunset_MR/sunset/outputs/ex1_4-recipe_20250211112138/logs /gpfs/archive/bsc32//esarchive/scratch/apuiggro/sunset_MR/sunset/outputs/ex1_4-recipe_20250211112138/outputs /gpfs/scratch/bsc32/bsc032533/tmp//ex1_4-recipe_20250211112138

# Copy repository with code
mkdir -p ${tmpdir}/sunset/$(basename ${outdir})/
++ basename /esarchive/scratch/apuiggro/sunset_MR/sunset/outputs/ex1_4-recipe_20250211112138
+ mkdir -p /gpfs/scratch/bsc32/bsc032533/tmp//sunset/ex1_4-recipe_20250211112138/
cp -r /gpfs/archive/bsc32/${proj_dir}/* ${tmpdir}/sunset/$(basename ${outdir})/
++ basename /esarchive/scratch/apuiggro/sunset_MR/sunset/outputs/ex1_4-recipe_20250211112138
+ cp -r /gpfs/archive/bsc32//esarchive/autosubmit/a8hn/proj/auto-s2s/LICENSE.md /gpfs/archive/bsc32//esarchive/autosubmit/a8hn/proj/auto-s2s/MODULES /gpfs/archive/bsc32//esarchive/autosubmit/a8hn/proj/auto-s2s/NEWS.md /gpfs/archive/bsc32//esarchive/autosubmit/a8hn/proj/auto-s2s/README.md /gpfs/archive/bsc32//esarchive/autosubmit/a8hn/proj/auto-s2s/autosubmit /gpfs/archive/bsc32//esarchive/autosubmit/a8hn/proj/auto-s2s/chunk_to_recipe /gpfs/archive/bsc32//esarchive/autosubmit/a8hn/proj/auto-s2s/conda_installation /gpfs/archive/bsc32//esarchive/autosubmit/a8hn/proj/auto-s2s/conf /gpfs/archive/bsc32//esarchive/autosubmit/a8hn/proj/auto-s2s/example_scripts /gpfs/archive/bsc32//esarchive/autosubmit/a8hn/proj/auto-s2s/launch_SUNSET.sh /gpfs/archive/bsc32//esarchive/autosubmit/a8hn/proj/auto-s2s/modules /gpfs/archive/bsc32//esarchive/autosubmit/a8hn/proj/auto-s2s/outputs /gpfs/archive/bsc32//esarchive/autosubmit/a8hn/proj/auto-s2s/provenance /gpfs/archive/bsc32//esarchive/autosubmit/a8hn/proj/auto-s2s/recipe_template.yml /gpfs/archive/bsc32//esarchive/autosubmit/a8hn/proj/auto-s2s/recipes /gpfs/archive/bsc32//esarchive/autosubmit/a8hn/proj/auto-s2s/split.R /gpfs/archive/bsc32//esarchive/autosubmit/a8hn/proj/auto-s2s/tests /gpfs/archive/bsc32//esarchive/autosubmit/a8hn/proj/auto-s2s/tools /gpfs/archive/bsc32//esarchive/autosubmit/a8hn/proj/auto-s2s/use_cases /gpfs/scratch/bsc32/bsc032533/tmp//sunset/ex1_4-recipe_20250211112138/

###################
# Autosubmit tailer
###################
set -xuve
+ set -xuve
echo $(date +%s) >> ${job_name_ptrn}_STAT
++ date +%s
+ echo 1739270216
touch ${job_name_ptrn}_COMPLETED
+ touch /gpfs/scratch/bsc32/bsc032533/a8hn/LOG_a8hn/a8hn_TRANSFER_RECIPES_COMPLETED
exit 0
+ exit 0
